<?xml version="1.0" encoding="UTF-8"?>
<coverage generated="1693580807856" clover="3.2.0">
  <project timestamp="1693580807856" name="All files">
    <metrics statements="48" coveredstatements="47" conditionals="11" coveredconditionals="10" methods="6" coveredmethods="6" elements="65" coveredelements="63" complexity="0" loc="48" ncloc="48" packages="1" files="2" classes="2"/>
    <file name="calculHelper.js" path="C:\Users\Caroline\Documents\DEV\Declic-Js\jest-sample\calculHelper.js">
      <metrics statements="39" coveredstatements="38" conditionals="9" coveredconditionals="8" methods="5" coveredmethods="5"/>
      <line num="1" count="14" type="cond" truecount="1" falsecount="0"/>
      <line num="2" count="14" type="stmt"/>
      <line num="3" count="1" type="stmt"/>
      <line num="4" count="1" type="stmt"/>
      <line num="5" count="2" type="cond" truecount="1" falsecount="0"/>
      <line num="6" count="2" type="stmt"/>
      <line num="7" count="1" type="stmt"/>
      <line num="8" count="1" type="stmt"/>
      <line num="9" count="14" type="cond" truecount="1" falsecount="0"/>
      <line num="10" count="14" type="stmt"/>
      <line num="11" count="1" type="stmt"/>
      <line num="12" count="1" type="stmt"/>
      <line num="13" count="7" type="cond" truecount="1" falsecount="0"/>
      <line num="14" count="7" type="stmt"/>
      <line num="15" count="7" type="stmt"/>
      <line num="16" count="7" type="stmt"/>
      <line num="17" count="7" type="stmt"/>
      <line num="18" count="7" type="cond" truecount="3" falsecount="0"/>
      <line num="19" count="6" type="stmt"/>
      <line num="20" count="7" type="stmt"/>
      <line num="21" count="7" type="stmt"/>
      <line num="22" count="7" type="stmt"/>
      <line num="23" count="1" type="stmt"/>
      <line num="24" count="1" type="stmt"/>
      <line num="25" count="1" type="cond" truecount="1" falsecount="0"/>
      <line num="26" count="1" type="cond" truecount="0" falsecount="1"/>
      <line num="27" count="0" type="stmt"/>
      <line num="28" count="1" type="stmt"/>
      <line num="29" count="1" type="stmt"/>
      <line num="30" count="1" type="stmt"/>
      <line num="31" count="1" type="stmt"/>
      <line num="32" count="1" type="stmt"/>
      <line num="33" count="1" type="stmt"/>
      <line num="34" count="1" type="stmt"/>
      <line num="35" count="1" type="stmt"/>
      <line num="36" count="1" type="stmt"/>
      <line num="37" count="1" type="stmt"/>
      <line num="38" count="1" type="stmt"/>
      <line num="39" count="1" type="stmt"/>
    </file>
    <file name="users.js" path="C:\Users\Caroline\Documents\DEV\Declic-Js\jest-sample\users.js">
      <metrics statements="9" coveredstatements="9" conditionals="2" coveredconditionals="2" methods="1" coveredmethods="1"/>
      <line num="1" count="1" type="stmt"/>
      <line num="2" count="1" type="stmt"/>
      <line num="3" count="1" type="stmt"/>
      <line num="4" count="1" type="cond" truecount="1" falsecount="0"/>
      <line num="5" count="1" type="cond" truecount="1" falsecount="0"/>
      <line num="6" count="1" type="stmt"/>
      <line num="7" count="1" type="stmt"/>
      <line num="8" count="1" type="stmt"/>
      <line num="9" count="1" type="stmt"/>
    </file>
  </project>
</coverage>
