{"C:\\Users\\Caroline\\Documents\\DEV\\Declic-Js\\jest-sample\\calculHelper.js": {"path":"C:\\Users\\Caroline\\Documents\\DEV\\Declic-Js\\jest-sample\\calculHelper.js","all":false,"statementMap":{"0":{"start":{"line":1,"column":0},"end":{"line":1,"column":41}},"1":{"start":{"line":2,"column":0},"end":{"line":2,"column":41}},"2":{"start":{"line":3,"column":0},"end":{"line":3,"column":2}},"3":{"start":{"line":4,"column":0},"end":{"line":4,"column":0}},"4":{"start":{"line":5,"column":0},"end":{"line":5,"column":38}},"5":{"start":{"line":6,"column":0},"end":{"line":6,"column":42}},"6":{"start":{"line":7,"column":0},"end":{"line":7,"column":2}},"7":{"start":{"line":8,"column":0},"end":{"line":8,"column":0}},"8":{"start":{"line":9,"column":0},"end":{"line":9,"column":30}},"9":{"start":{"line":10,"column":0},"end":{"line":10,"column":17}},"10":{"start":{"line":11,"column":0},"end":{"line":11,"column":2}},"11":{"start":{"line":12,"column":0},"end":{"line":12,"column":0}},"12":{"start":{"line":13,"column":0},"end":{"line":13,"column":41}},"13":{"start":{"line":14,"column":0},"end":{"line":14,"column":4}},"14":{"start":{"line":15,"column":0},"end":{"line":15,"column":38}},"15":{"start":{"line":16,"column":0},"end":{"line":16,"column":53}},"16":{"start":{"line":17,"column":0},"end":{"line":17,"column":0}},"17":{"start":{"line":18,"column":0},"end":{"line":18,"column":72}},"18":{"start":{"line":19,"column":0},"end":{"line":19,"column":52}},"19":{"start":{"line":20,"column":0},"end":{"line":20,"column":7}},"20":{"start":{"line":21,"column":0},"end":{"line":21,"column":0}},"21":{"start":{"line":22,"column":0},"end":{"line":22,"column":16}},"22":{"start":{"line":23,"column":0},"end":{"line":23,"column":2}},"23":{"start":{"line":24,"column":0},"end":{"line":24,"column":0}},"24":{"start":{"line":25,"column":0},"end":{"line":25,"column":23}},"25":{"start":{"line":26,"column":0},"end":{"line":26,"column":30}},"26":{"start":{"line":27,"column":0},"end":{"line":27,"column":20}},"27":{"start":{"line":28,"column":0},"end":{"line":28,"column":12}},"28":{"start":{"line":29,"column":0},"end":{"line":29,"column":36}},"29":{"start":{"line":30,"column":0},"end":{"line":30,"column":6}},"30":{"start":{"line":31,"column":0},"end":{"line":31,"column":2}},"31":{"start":{"line":32,"column":0},"end":{"line":32,"column":0}},"32":{"start":{"line":33,"column":0},"end":{"line":33,"column":8}},"33":{"start":{"line":34,"column":0},"end":{"line":34,"column":19}},"34":{"start":{"line":35,"column":0},"end":{"line":35,"column":25}},"35":{"start":{"line":36,"column":0},"end":{"line":36,"column":19}},"36":{"start":{"line":37,"column":0},"end":{"line":37,"column":30}},"37":{"start":{"line":38,"column":0},"end":{"line":38,"column":11}},"38":{"start":{"line":39,"column":0},"end":{"line":39,"column":2}}},"s":{"0":14,"1":14,"2":1,"3":1,"4":2,"5":2,"6":1,"7":1,"8":14,"9":14,"10":1,"11":1,"12":7,"13":7,"14":7,"15":7,"16":7,"17":7,"18":6,"19":7,"20":7,"21":7,"22":1,"23":1,"24":1,"25":1,"26":0,"27":1,"28":1,"29":1,"30":1,"31":1,"32":1,"33":1,"34":1,"35":1,"36":1,"37":1,"38":1},"branchMap":{"0":{"type":"branch","line":1,"loc":{"start":{"line":1,"column":0},"end":{"line":3,"column":1}},"locations":[{"start":{"line":1,"column":0},"end":{"line":3,"column":1}}]},"1":{"type":"branch","line":5,"loc":{"start":{"line":5,"column":0},"end":{"line":7,"column":1}},"locations":[{"start":{"line":5,"column":0},"end":{"line":7,"column":1}}]},"2":{"type":"branch","line":9,"loc":{"start":{"line":9,"column":0},"end":{"line":11,"column":1}},"locations":[{"start":{"line":9,"column":0},"end":{"line":11,"column":1}}]},"3":{"type":"branch","line":13,"loc":{"start":{"line":13,"column":0},"end":{"line":23,"column":1}},"locations":[{"start":{"line":13,"column":0},"end":{"line":23,"column":1}}]},"4":{"type":"branch","line":18,"loc":{"start":{"line":18,"column":20},"end":{"line":18,"column":45}},"locations":[{"start":{"line":18,"column":20},"end":{"line":18,"column":45}}]},"5":{"type":"branch","line":18,"loc":{"start":{"line":18,"column":45},"end":{"line":18,"column":70}},"locations":[{"start":{"line":18,"column":45},"end":{"line":18,"column":70}}]},"6":{"type":"branch","line":18,"loc":{"start":{"line":18,"column":71},"end":{"line":20,"column":6}},"locations":[{"start":{"line":18,"column":71},"end":{"line":20,"column":6}}]},"7":{"type":"branch","line":25,"loc":{"start":{"line":25,"column":0},"end":{"line":31,"column":1}},"locations":[{"start":{"line":25,"column":0},"end":{"line":31,"column":1}}]},"8":{"type":"branch","line":26,"loc":{"start":{"line":26,"column":29},"end":{"line":28,"column":5}},"locations":[{"start":{"line":26,"column":29},"end":{"line":28,"column":5}}]}},"b":{"0":[14],"1":[2],"2":[14],"3":[7],"4":[4],"5":[1],"6":[6],"7":[1],"8":[0]},"fnMap":{"0":{"name":"calcultateArea","decl":{"start":{"line":1,"column":0},"end":{"line":3,"column":1}},"loc":{"start":{"line":1,"column":0},"end":{"line":3,"column":1}},"line":1},"1":{"name":"calcultateAreaSquare","decl":{"start":{"line":5,"column":0},"end":{"line":7,"column":1}},"loc":{"start":{"line":5,"column":0},"end":{"line":7,"column":1}},"line":5},"2":{"name":"multiplication","decl":{"start":{"line":9,"column":0},"end":{"line":11,"column":1}},"loc":{"start":{"line":9,"column":0},"end":{"line":11,"column":1}},"line":9},"3":{"name":"displayTextCalcultateArea","decl":{"start":{"line":13,"column":0},"end":{"line":23,"column":1}},"loc":{"start":{"line":13,"column":0},"end":{"line":23,"column":1}},"line":13},"4":{"name":"isAdmin","decl":{"start":{"line":25,"column":0},"end":{"line":31,"column":1}},"loc":{"start":{"line":25,"column":0},"end":{"line":31,"column":1}},"line":25}},"f":{"0":14,"1":2,"2":14,"3":7,"4":1}}
,"C:\\Users\\Caroline\\Documents\\DEV\\Declic-Js\\jest-sample\\multiplication.js": {"path":"C:\\Users\\Caroline\\Documents\\DEV\\Declic-Js\\jest-sample\\multiplication.js","all":false,"statementMap":{"0":{"start":{"line":1,"column":0},"end":{"line":1,"column":31}},"1":{"start":{"line":2,"column":0},"end":{"line":2,"column":17}},"2":{"start":{"line":3,"column":0},"end":{"line":3,"column":2}},"3":{"start":{"line":4,"column":0},"end":{"line":4,"column":0}},"4":{"start":{"line":5,"column":0},"end":{"line":5,"column":30}}},"s":{"0":0,"1":0,"2":1,"3":1,"4":1},"branchMap":{},"b":{},"fnMap":{"0":{"name":"multiplication","decl":{"start":{"line":1,"column":0},"end":{"line":3,"column":1}},"loc":{"start":{"line":1,"column":0},"end":{"line":3,"column":1}},"line":1}},"f":{"0":0}}
,"C:\\Users\\Caroline\\Documents\\DEV\\Declic-Js\\jest-sample\\users.js": {"path":"C:\\Users\\Caroline\\Documents\\DEV\\Declic-Js\\jest-sample\\users.js","all":false,"statementMap":{"0":{"start":{"line":1,"column":0},"end":{"line":1,"column":26}},"1":{"start":{"line":2,"column":0},"end":{"line":2,"column":0}},"2":{"start":{"line":3,"column":0},"end":{"line":3,"column":12}},"3":{"start":{"line":4,"column":0},"end":{"line":4,"column":17}},"4":{"start":{"line":5,"column":0},"end":{"line":5,"column":63}},"5":{"start":{"line":6,"column":0},"end":{"line":6,"column":6}},"6":{"start":{"line":7,"column":0},"end":{"line":7,"column":2}},"7":{"start":{"line":8,"column":0},"end":{"line":8,"column":0}},"8":{"start":{"line":9,"column":0},"end":{"line":9,"column":21}}},"s":{"0":1,"1":1,"2":1,"3":1,"4":1,"5":1,"6":1,"7":1,"8":1},"branchMap":{"0":{"type":"branch","line":4,"loc":{"start":{"line":4,"column":11},"end":{"line":6,"column":6}},"locations":[{"start":{"line":4,"column":11},"end":{"line":6,"column":6}}]},"1":{"type":"branch","line":5,"loc":{"start":{"line":5,"column":45},"end":{"line":5,"column":62}},"locations":[{"start":{"line":5,"column":45},"end":{"line":5,"column":62}}]}},"b":{"0":[1],"1":[1]},"fnMap":{"0":{"name":"all","decl":{"start":{"line":4,"column":11},"end":{"line":6,"column":6}},"loc":{"start":{"line":4,"column":11},"end":{"line":6,"column":6}},"line":4}},"f":{"0":1}}
}
