{"C:\\Users\\Caroline\\Documents\\DEV\\Declic-Js\\jest-sample\\calculHelper.js": {"path":"C:\\Users\\Caroline\\Documents\\DEV\\Declic-Js\\jest-sample\\calculHelper.js","all":false,"statementMap":{"0":{"start":{"line":1,"column":0},"end":{"line":1,"column":41}},"1":{"start":{"line":2,"column":0},"end":{"line":2,"column":41}},"2":{"start":{"line":3,"column":0},"end":{"line":3,"column":2}},"3":{"start":{"line":4,"column":0},"end":{"line":4,"column":0}},"4":{"start":{"line":5,"column":0},"end":{"line":5,"column":38}},"5":{"start":{"line":6,"column":0},"end":{"line":6,"column":42}},"6":{"start":{"line":7,"column":0},"end":{"line":7,"column":2}},"7":{"start":{"line":8,"column":0},"end":{"line":8,"column":0}},"8":{"start":{"line":9,"column":0},"end":{"line":9,"column":30}},"9":{"start":{"line":10,"column":0},"end":{"line":10,"column":17}},"10":{"start":{"line":11,"column":0},"end":{"line":11,"column":2}},"11":{"start":{"line":12,"column":0},"end":{"line":12,"column":0}},"12":{"start":{"line":13,"column":0},"end":{"line":13,"column":41}},"13":{"start":{"line":14,"column":0},"end":{"line":14,"column":4}},"14":{"start":{"line":15,"column":0},"end":{"line":15,"column":38}},"15":{"start":{"line":16,"column":0},"end":{"line":16,"column":53}},"16":{"start":{"line":17,"column":0},"end":{"line":17,"column":0}},"17":{"start":{"line":18,"column":0},"end":{"line":18,"column":72}},"18":{"start":{"line":19,"column":0},"end":{"line":19,"column":52}},"19":{"start":{"line":20,"column":0},"end":{"line":20,"column":7}},"20":{"start":{"line":21,"column":0},"end":{"line":21,"column":0}},"21":{"start":{"line":22,"column":0},"end":{"line":22,"column":16}},"22":{"start":{"line":23,"column":0},"end":{"line":23,"column":2}},"23":{"start":{"line":24,"column":0},"end":{"line":24,"column":0}},"24":{"start":{"line":25,"column":0},"end":{"line":25,"column":8}},"25":{"start":{"line":26,"column":0},"end":{"line":26,"column":19}},"26":{"start":{"line":27,"column":0},"end":{"line":27,"column":25}},"27":{"start":{"line":28,"column":0},"end":{"line":28,"column":19}},"28":{"start":{"line":29,"column":0},"end":{"line":29,"column":29}},"29":{"start":{"line":30,"column":0},"end":{"line":30,"column":2}}},"s":{"0":7,"1":7,"2":1,"3":1,"4":0,"5":0,"6":1,"7":1,"8":7,"9":7,"10":1,"11":1,"12":7,"13":7,"14":7,"15":7,"16":7,"17":7,"18":6,"19":7,"20":7,"21":7,"22":1,"23":1,"24":1,"25":1,"26":1,"27":1,"28":1,"29":1},"branchMap":{"0":{"type":"branch","line":1,"loc":{"start":{"line":1,"column":0},"end":{"line":3,"column":1}},"locations":[{"start":{"line":1,"column":0},"end":{"line":3,"column":1}}]},"1":{"type":"branch","line":9,"loc":{"start":{"line":9,"column":0},"end":{"line":11,"column":1}},"locations":[{"start":{"line":9,"column":0},"end":{"line":11,"column":1}}]},"2":{"type":"branch","line":13,"loc":{"start":{"line":13,"column":0},"end":{"line":23,"column":1}},"locations":[{"start":{"line":13,"column":0},"end":{"line":23,"column":1}}]},"3":{"type":"branch","line":18,"loc":{"start":{"line":18,"column":20},"end":{"line":18,"column":45}},"locations":[{"start":{"line":18,"column":20},"end":{"line":18,"column":45}}]},"4":{"type":"branch","line":18,"loc":{"start":{"line":18,"column":45},"end":{"line":18,"column":70}},"locations":[{"start":{"line":18,"column":45},"end":{"line":18,"column":70}}]},"5":{"type":"branch","line":18,"loc":{"start":{"line":18,"column":71},"end":{"line":20,"column":6}},"locations":[{"start":{"line":18,"column":71},"end":{"line":20,"column":6}}]}},"b":{"0":[7],"1":[7],"2":[7],"3":[4],"4":[1],"5":[6]},"fnMap":{"0":{"name":"calcultateArea","decl":{"start":{"line":1,"column":0},"end":{"line":3,"column":1}},"loc":{"start":{"line":1,"column":0},"end":{"line":3,"column":1}},"line":1},"1":{"name":"calcultateAreaSquare","decl":{"start":{"line":5,"column":0},"end":{"line":7,"column":1}},"loc":{"start":{"line":5,"column":0},"end":{"line":7,"column":1}},"line":5},"2":{"name":"multiplication","decl":{"start":{"line":9,"column":0},"end":{"line":11,"column":1}},"loc":{"start":{"line":9,"column":0},"end":{"line":11,"column":1}},"line":9},"3":{"name":"displayTextCalcultateArea","decl":{"start":{"line":13,"column":0},"end":{"line":23,"column":1}},"loc":{"start":{"line":13,"column":0},"end":{"line":23,"column":1}},"line":13}},"f":{"0":7,"1":0,"2":7,"3":7}}
}
