TN:
SF:calculHelper.js
FN:1,calcultateArea
FN:5,calcultateAreaSquare
FN:9,multiplication
FN:13,displayTextCalcultateArea
FNF:4
FNH:4
FNDA:14,calcultateArea
FNDA:2,calcultateAreaSquare
FNDA:14,multiplication
FNDA:7,displayTextCalcultateArea
DA:1,14
DA:2,14
DA:3,1
DA:4,1
DA:5,2
DA:6,2
DA:7,1
DA:8,1
DA:9,14
DA:10,14
DA:11,1
DA:12,1
DA:13,7
DA:14,7
DA:15,7
DA:16,7
DA:17,7
DA:18,7
DA:19,6
DA:20,7
DA:21,7
DA:22,7
DA:23,1
DA:24,1
DA:25,1
DA:26,1
DA:27,1
DA:28,1
DA:29,1
DA:30,1
LF:30
LH:30
BRDA:1,0,0,14
BRDA:5,1,0,2
BRDA:9,2,0,14
BRDA:13,3,0,7
BRDA:18,4,0,4
BRDA:18,5,0,1
BRDA:18,6,0,6
BRF:7
BRH:7
end_of_record
